05-20 13:49:58 com_github_MitjaNemec_SaveRestoreLayout.action_save_restore_layout 178:Plugin executed on: 'linux'
05-20 13:49:58 com_github_MitjaNemec_SaveRestoreLayout.action_save_restore_layout 179:Plugin executed with python version: '3.11.9 (main, Nov 10 2011, 15:00:00) [GCC 13.2.0]'
05-20 13:49:58 com_github_MitjaNemec_SaveRestoreLayout.action_save_restore_layout 180:KiCad build version: 8.0.2
05-20 13:49:58 com_github_MitjaNemec_SaveRestoreLayout.action_save_restore_layout 181:Plugin version: 3.0.1
05-20 13:49:58 com_github_MitjaNemec_SaveRestoreLayout.action_save_restore_layout 182:Frame repr: <wx._core.Frame object at 0x7facacff53f0>
05-20 13:49:58 com_github_MitjaNemec_SaveRestoreLayout.action_save_restore_layout 200:Anchor footprint reference is 'R16'
05-20 13:49:59 com_github_MitjaNemec_SaveRestoreLayout.action_save_restore_layout 280:Restore layout chosen
05-20 13:50:01 com_github_MitjaNemec_SaveRestoreLayout.action_save_restore_layout 75:Initialization start
05-20 13:50:01 com_github_MitjaNemec_SaveRestoreLayout.action_save_restore_layout 77:Initialization done Group name:
05-20 13:50:10 com_github_MitjaNemec_SaveRestoreLayout.save_restore_layout 788:Getting board info
05-20 13:50:10 com_github_MitjaNemec_SaveRestoreLayout.save_restore_layout 791:Get project schematics and layout data
05-20 13:50:10 com_github_MitjaNemec_SaveRestoreLayout.save_restore_layout 176:getting a list of all footprints on board
05-20 13:50:10 com_github_MitjaNemec_SaveRestoreLayout.save_restore_layout 800:There is more than one footprint with same ID in the target layout.This is due the multiple hierarchical sheets. The plugin can not resolve this issue
05-20 13:50:10 com_github_MitjaNemec_SaveRestoreLayout.save_restore_layout 800:There is more than one footprint with same ID in the target layout.This is due the multiple hierarchical sheets. The plugin can not resolve this issue
05-20 13:50:10 com_github_MitjaNemec_SaveRestoreLayout.save_restore_layout 800:There is more than one footprint with same ID in the target layout.This is due the multiple hierarchical sheets. The plugin can not resolve this issue
05-20 13:50:10 com_github_MitjaNemec_SaveRestoreLayout.save_restore_layout 800:There is more than one footprint with same ID in the target layout.This is due the multiple hierarchical sheets. The plugin can not resolve this issue
05-20 13:50:10 com_github_MitjaNemec_SaveRestoreLayout.save_restore_layout 805:Loading saved design
05-20 13:50:10 com_github_MitjaNemec_SaveRestoreLayout.save_restore_layout 830:Source level is:['auxboards_levelshift.kicad_sch']
05-20 13:50:10 com_github_MitjaNemec_SaveRestoreLayout.save_restore_layout 835:Destination footprint is:'R16'
05-20 13:50:10 com_github_MitjaNemec_SaveRestoreLayout.save_restore_layout 836:Destination levels available are:['auxboards_levelshift.kicad_sch']
05-20 13:50:10 com_github_MitjaNemec_SaveRestoreLayout.save_restore_layout 847:Destination level is:['auxboards_levelshift.kicad_sch']
05-20 13:50:10 com_github_MitjaNemec_SaveRestoreLayout.save_restore_layout 852:All sch files required are: ['auxboards_levelshift.kicad_sch']
05-20 13:50:10 com_github_MitjaNemec_SaveRestoreLayout.save_restore_layout 854:Getting current schematics hash
05-20 13:50:10 com_github_MitjaNemec_SaveRestoreLayout.save_restore_layout 865:Source hash is:'4fe6c341bc6ad73b230d0ada844b8209'
05-20 13:50:10 com_github_MitjaNemec_SaveRestoreLayout.save_restore_layout 866:Destination hash is: '4fe6c341bc6ad73b230d0ada844b8209'
05-20 13:50:10 com_github_MitjaNemec_SaveRestoreLayout.save_restore_layout 883:Get layout data from saved board
05-20 13:50:10 com_github_MitjaNemec_SaveRestoreLayout.save_restore_layout 176:getting a list of all footprints on board
05-20 13:50:10 com_github_MitjaNemec_SaveRestoreLayout.save_restore_layout 1056:Replicating footprints
05-20 13:50:10 com_github_MitjaNemec_SaveRestoreLayout.save_restore_layout 1207:Replicating tracks
05-20 13:50:10 com_github_MitjaNemec_SaveRestoreLayout.save_restore_layout 1220:Net pairs are: [('/SIMPLE LEVEL SHIFTER/NG', '/PHI_HOME LEVEL SHIFT/NG'), ('/SIMPLE LEVEL SHIFTER/OUT', '/PHI_HOME'), ('/SIMPLE LEVEL SHIFTER/IN', '/PHI_HOME_IN'), ('/SIMPLE LEVEL SHIFTER/PG', '/PHI_HOME LEVEL SHIFT/PG'), ('GND', 'GND'), ('+24V', '+24V')]
05-20 13:50:10 com_github_MitjaNemec_SaveRestoreLayout.save_restore_layout 1261:Replicating zones
05-20 13:50:10 com_github_MitjaNemec_SaveRestoreLayout.save_restore_layout 1274:Net pairs are: [('/SIMPLE LEVEL SHIFTER/NG', '/PHI_HOME LEVEL SHIFT/NG'), ('/SIMPLE LEVEL SHIFTER/OUT', '/PHI_HOME'), ('/SIMPLE LEVEL SHIFTER/IN', '/PHI_HOME_IN'), ('/SIMPLE LEVEL SHIFTER/PG', '/PHI_HOME LEVEL SHIFT/PG'), ('GND', 'GND'), ('+24V', '+24V')]
05-20 13:50:10 com_github_MitjaNemec_SaveRestoreLayout.save_restore_layout 1282:Handlilng zone connected to: '/SIMPLE LEVEL SHIFTER/OUT'
05-20 13:50:10 com_github_MitjaNemec_SaveRestoreLayout.save_restore_layout 1290:Zone list of net tuples: [('/SIMPLE LEVEL SHIFTER/OUT', '/PHI_HOME')]
05-20 13:50:10 com_github_MitjaNemec_SaveRestoreLayout.save_restore_layout 1282:Handlilng zone connected to: '/SIMPLE LEVEL SHIFTER/PG'
05-20 13:50:10 com_github_MitjaNemec_SaveRestoreLayout.save_restore_layout 1290:Zone list of net tuples: [('/SIMPLE LEVEL SHIFTER/PG', '/PHI_HOME LEVEL SHIFT/PG')]
05-20 13:50:10 com_github_MitjaNemec_SaveRestoreLayout.save_restore_layout 1282:Handlilng zone connected to: '+24V'
05-20 13:50:10 com_github_MitjaNemec_SaveRestoreLayout.save_restore_layout 1290:Zone list of net tuples: [('+24V', '+24V')]
05-20 13:50:10 com_github_MitjaNemec_SaveRestoreLayout.save_restore_layout 1282:Handlilng zone connected to: '+24V'
05-20 13:50:10 com_github_MitjaNemec_SaveRestoreLayout.save_restore_layout 1290:Zone list of net tuples: [('+24V', '+24V')]
05-20 13:50:10 com_github_MitjaNemec_SaveRestoreLayout.save_restore_layout 1282:Handlilng zone connected to: 'GND'
05-20 13:50:10 com_github_MitjaNemec_SaveRestoreLayout.save_restore_layout 1290:Zone list of net tuples: [('GND', 'GND')]
05-20 13:50:10 com_github_MitjaNemec_SaveRestoreLayout.save_restore_layout 1282:Handlilng zone connected to: '/SIMPLE LEVEL SHIFTER/NG'
05-20 13:50:10 com_github_MitjaNemec_SaveRestoreLayout.save_restore_layout 1290:Zone list of net tuples: [('/SIMPLE LEVEL SHIFTER/NG', '/PHI_HOME LEVEL SHIFT/NG')]
05-20 13:50:10 com_github_MitjaNemec_SaveRestoreLayout.save_restore_layout 1282:Handlilng zone connected to: '/SIMPLE LEVEL SHIFTER/PG'
05-20 13:50:10 com_github_MitjaNemec_SaveRestoreLayout.save_restore_layout 1290:Zone list of net tuples: [('/SIMPLE LEVEL SHIFTER/PG', '/PHI_HOME LEVEL SHIFT/PG')]
05-20 13:50:10 com_github_MitjaNemec_SaveRestoreLayout.save_restore_layout 1282:Handlilng zone connected to: '/SIMPLE LEVEL SHIFTER/PG'
05-20 13:50:10 com_github_MitjaNemec_SaveRestoreLayout.save_restore_layout 1290:Zone list of net tuples: [('/SIMPLE LEVEL SHIFTER/PG', '/PHI_HOME LEVEL SHIFT/PG')]
05-20 13:50:10 com_github_MitjaNemec_SaveRestoreLayout.save_restore_layout 1282:Handlilng zone connected to: '+24V'
05-20 13:50:10 com_github_MitjaNemec_SaveRestoreLayout.save_restore_layout 1290:Zone list of net tuples: [('+24V', '+24V')]
05-20 13:50:10 com_github_MitjaNemec_SaveRestoreLayout.save_restore_layout 1282:Handlilng zone connected to: '/SIMPLE LEVEL SHIFTER/NG'
05-20 13:50:10 com_github_MitjaNemec_SaveRestoreLayout.save_restore_layout 1290:Zone list of net tuples: [('/SIMPLE LEVEL SHIFTER/NG', '/PHI_HOME LEVEL SHIFT/NG')]
05-20 13:50:10 com_github_MitjaNemec_SaveRestoreLayout.save_restore_layout 1282:Handlilng zone connected to: '/SIMPLE LEVEL SHIFTER/PG'
05-20 13:50:10 com_github_MitjaNemec_SaveRestoreLayout.save_restore_layout 1290:Zone list of net tuples: [('/SIMPLE LEVEL SHIFTER/PG', '/PHI_HOME LEVEL SHIFT/PG')]
05-20 13:50:10 com_github_MitjaNemec_SaveRestoreLayout.save_restore_layout 1339:Replicating text
05-20 13:50:10 com_github_MitjaNemec_SaveRestoreLayout.save_restore_layout 1374:Replicating drawings
05-20 13:50:10 com_github_MitjaNemec_SaveRestoreLayout.save_restore_layout 1387:Net pairs are: [('/SIMPLE LEVEL SHIFTER/NG', '/PHI_HOME LEVEL SHIFT/NG'), ('/SIMPLE LEVEL SHIFTER/OUT', '/PHI_HOME'), ('/SIMPLE LEVEL SHIFTER/IN', '/PHI_HOME_IN'), ('/SIMPLE LEVEL SHIFTER/PG', '/PHI_HOME LEVEL SHIFT/PG'), ('GND', 'GND'), ('+24V', '+24V')]
